<?xml version="1.0" encoding="UTF-8"?>
<testng-results ignored="0" total="3" passed="3" failed="0" skipped="0">
  <reporter-output>
  </reporter-output>
  <suite started-at="2025-05-07T19:17:04 IST" name="Default Suite" finished-at="2025-05-07T19:18:11 IST" duration-ms="66494">
    <groups>
    </groups>
    <test started-at="2025-05-07T19:17:04 IST" name="MVN" finished-at="2025-05-07T19:18:11 IST" duration-ms="66494">
      <class name="tests.RegistrationTest">
        <test-method is-config="true" signature="ReportSetUp()[pri:0, instance:tests.RegistrationTest@4d02f94e]" started-at="2025-05-07T19:17:04 IST" name="ReportSetUp" finished-at="2025-05-07T19:17:04 IST" duration-ms="315" status="PASS">
          <reporter-output>
          </reporter-output>
        </test-method> <!-- ReportSetUp -->
        <test-method is-config="true" signature="setUp(java.lang.String)[pri:0, instance:tests.RegistrationTest@4d02f94e]" started-at="2025-05-07T19:17:04 IST" name="setUp" finished-at="2025-05-07T19:17:11 IST" duration-ms="7032" status="PASS">
          <params>
            <param index="0">
              <value>
                <![CDATA[chrome]]>
              </value>
            </param>
          </params>
          <reporter-output>
          </reporter-output>
        </test-method> <!-- setUp -->
        <test-method signature="testRegistrationForm(java.lang.String)[pri:0, instance:tests.RegistrationTest@4d02f94e]" started-at="2025-05-07T19:17:11 IST" name="testRegistrationForm" data-provider="stockData" finished-at="2025-05-07T19:17:28 IST" duration-ms="16556" status="PASS">
          <params>
            <param index="0">
              <value>
                <![CDATA[Tata Motors Limited]]>
              </value>
            </param>
          </params>
          <reporter-output>
          </reporter-output>
        </test-method> <!-- testRegistrationForm -->
        <test-method is-config="true" signature="tearDown()[pri:0, instance:tests.RegistrationTest@4d02f94e]" started-at="2025-05-07T19:17:28 IST" name="tearDown" finished-at="2025-05-07T19:17:28 IST" duration-ms="453" status="PASS">
          <reporter-output>
          </reporter-output>
        </test-method> <!-- tearDown -->
        <test-method is-config="true" signature="setUp(java.lang.String)[pri:0, instance:tests.RegistrationTest@4d02f94e]" started-at="2025-05-07T19:17:28 IST" name="setUp" finished-at="2025-05-07T19:17:31 IST" duration-ms="2916" status="PASS">
          <params>
            <param index="0">
              <value>
                <![CDATA[chrome]]>
              </value>
            </param>
          </params>
          <reporter-output>
          </reporter-output>
        </test-method> <!-- setUp -->
        <test-method signature="testRegistrationForm(java.lang.String)[pri:0, instance:tests.RegistrationTest@4d02f94e]" started-at="2025-05-07T19:17:31 IST" name="testRegistrationForm" data-provider="stockData" finished-at="2025-05-07T19:17:48 IST" duration-ms="16695" status="PASS">
          <params>
            <param index="0">
              <value>
                <![CDATA[Reliance Industries Limited]]>
              </value>
            </param>
          </params>
          <reporter-output>
          </reporter-output>
        </test-method> <!-- testRegistrationForm -->
        <test-method is-config="true" signature="tearDown()[pri:0, instance:tests.RegistrationTest@4d02f94e]" started-at="2025-05-07T19:17:48 IST" name="tearDown" finished-at="2025-05-07T19:17:48 IST" duration-ms="369" status="PASS">
          <reporter-output>
          </reporter-output>
        </test-method> <!-- tearDown -->
        <test-method is-config="true" signature="setUp(java.lang.String)[pri:0, instance:tests.RegistrationTest@4d02f94e]" started-at="2025-05-07T19:17:48 IST" name="setUp" finished-at="2025-05-07T19:17:54 IST" duration-ms="5626" status="PASS">
          <params>
            <param index="0">
              <value>
                <![CDATA[chrome]]>
              </value>
            </param>
          </params>
          <reporter-output>
          </reporter-output>
        </test-method> <!-- setUp -->
        <test-method signature="testRegistrationForm(java.lang.String)[pri:0, instance:tests.RegistrationTest@4d02f94e]" started-at="2025-05-07T19:17:54 IST" name="testRegistrationForm" data-provider="stockData" finished-at="2025-05-07T19:18:10 IST" duration-ms="16402" status="PASS">
          <params>
            <param index="0">
              <value>
                <![CDATA[Bharat Heavy Electricals Limited]]>
              </value>
            </param>
          </params>
          <reporter-output>
          </reporter-output>
        </test-method> <!-- testRegistrationForm -->
        <test-method is-config="true" signature="tearDown()[pri:0, instance:tests.RegistrationTest@4d02f94e]" started-at="2025-05-07T19:18:10 IST" name="tearDown" finished-at="2025-05-07T19:18:11 IST" duration-ms="377" status="PASS">
          <reporter-output>
          </reporter-output>
        </test-method> <!-- tearDown -->
        <test-method is-config="true" signature="ReportTearDown()[pri:0, instance:tests.RegistrationTest@4d02f94e]" started-at="2025-05-07T19:18:11 IST" name="ReportTearDown" finished-at="2025-05-07T19:18:12 IST" duration-ms="860" status="PASS">
          <reporter-output>
          </reporter-output>
        </test-method> <!-- ReportTearDown -->
      </class> <!-- tests.RegistrationTest -->
    </test> <!-- MVN -->
  </suite> <!-- Default Suite -->
</testng-results>
