<?xml version="1.0" encoding="UTF-8"?>
<!-- Generated by org.testng.reporters.JUnitReportReporter -->
<testsuite hostname="DESKTOP-DI0O83C" failures="0" tests="3" name="tests.RegistrationTest" time="66.426" errors="0" timestamp="2025-05-07T19:18:12 IST" skipped="0">
  <testcase classname="tests.RegistrationTest" name="testRegistrationForm" time="22.405"/>
  <testcase classname="tests.RegistrationTest" name="testRegistrationForm" time="19.841"/>
  <testcase classname="tests.RegistrationTest" name="testRegistrationForm" time="24.180"/>
</testsuite> <!-- tests.RegistrationTest -->
