<?xml version="1.0" encoding="UTF-8"?>
<!-- Generated by org.testng.reporters.JUnitXMLReporter -->
<testsuite ignored="0" hostname="DESKTOP-DI0O83C" failures="0" tests="3" name="MVN" time="66.494" errors="0" timestamp="2025-05-07T19:18:11 IST">
  <testcase classname="tests.RegistrationTest" name="testRegistrationForm" time="16.556"/>
  <testcase classname="tests.RegistrationTest" name="testRegistrationForm" time="16.695"/>
  <testcase classname="tests.RegistrationTest" name="testRegistrationForm" time="16.402"/>
</testsuite> <!-- MVN -->
